[2023-10-04 19:06:47] production.ERROR: SQLSTATE[HY000] [2002] No connection could be made because the target machine actively refused it.
 (SQL: select * from `settings` where `name` = default_locale limit 1) {"exception":"[object] (Illuminate\\Database\\QueryException(code: 2002): SQLSTATE[HY000] [2002] No connection could be made because the target machine actively refused it.
 (SQL: select * from `settings` where `name` = default_locale limit 1) at D:\\MyProject\\imageWIZ\\ww2.imagewiz.net\\Lafum\\vendor\\laravel\\framework\\src\\Illuminate\\Database\\Connection.php:712)
[stacktrace]
#0 D:\\MyProject\\imageWIZ\\ww2.imagewiz.net\\Lafum\\vendor\\laravel\\framework\\src\\Illuminate\\Database\\Connection.php(672): Illuminate\\Database\\Connection->runQueryCallback('select * from `...', Array, Object(Closure))
#1 D:\\MyProject\\imageWIZ\\ww2.imagewiz.net\\Lafum\\vendor\\laravel\\framework\\src\\Illuminate\\Database\\Connection.php(376): Illuminate\\Database\\Connection->run('select * from `...', Array, Object(Closure))
#2 D:\\MyProject\\imageWIZ\\ww2.imagewiz.net\\Lafum\\vendor\\laravel\\framework\\src\\Illuminate\\Database\\Query\\Builder.php(2414): Illuminate\\Database\\Connection->select('select * from `...', Array, true)
#3 D:\\MyProject\\imageWIZ\\ww2.imagewiz.net\\Lafum\\vendor\\laravel\\framework\\src\\Illuminate\\Database\\Query\\Builder.php(2402): Illuminate\\Database\\Query\\Builder->runSelect()
#4 D:\\MyProject\\imageWIZ\\ww2.imagewiz.net\\Lafum\\vendor\\laravel\\framework\\src\\Illuminate\\Database\\Query\\Builder.php(2936): Illuminate\\Database\\Query\\Builder->Illuminate\\Database\\Query\\{closure}()
#5 D:\\MyProject\\imageWIZ\\ww2.imagewiz.net\\Lafum\\vendor\\laravel\\framework\\src\\Illuminate\\Database\\Query\\Builder.php(2403): Illuminate\\Database\\Query\\Builder->onceWithColumns(Array, Object(Closure))
#6 D:\\MyProject\\imageWIZ\\ww2.imagewiz.net\\Lafum\\vendor\\laravel\\framework\\src\\Illuminate\\Database\\Eloquent\\Builder.php(625): Illuminate\\Database\\Query\\Builder->get(Array)
#7 D:\\MyProject\\imageWIZ\\ww2.imagewiz.net\\Lafum\\vendor\\laravel\\framework\\src\\Illuminate\\Database\\Eloquent\\Builder.php(609): Illuminate\\Database\\Eloquent\\Builder->getModels(Array)
#8 D:\\MyProject\\imageWIZ\\ww2.imagewiz.net\\Lafum\\vendor\\laravel\\framework\\src\\Illuminate\\Database\\Concerns\\BuildsQueries.php(294): Illuminate\\Database\\Eloquent\\Builder->get(Array)
#9 D:\\MyProject\\imageWIZ\\ww2.imagewiz.net\\Lafum\\Modules\\Setting\\Entities\\Setting.php(87): Illuminate\\Database\\Eloquent\\Builder->first()
#10 D:\\MyProject\\imageWIZ\\ww2.imagewiz.net\\Lafum\\Modules\\Base\\Providers\\BaseServiceProvider.php(133): Modules\\Setting\\Entities\\Setting::get('default_locale')
#11 D:\\MyProject\\imageWIZ\\ww2.imagewiz.net\\Lafum\\Modules\\Base\\Providers\\BaseServiceProvider.php(47): Modules\\Base\\Providers\\BaseServiceProvider->setupAppLocale()
#12 D:\\MyProject\\imageWIZ\\ww2.imagewiz.net\\Lafum\\vendor\\laravel\\framework\\src\\Illuminate\\Container\\BoundMethod.php(36): Modules\\Base\\Providers\\BaseServiceProvider->boot()
#13 D:\\MyProject\\imageWIZ\\ww2.imagewiz.net\\Lafum\\vendor\\laravel\\framework\\src\\Illuminate\\Container\\Util.php(40): Illuminate\\Container\\BoundMethod::Illuminate\\Container\\{closure}()
#14 D:\\MyProject\\imageWIZ\\ww2.imagewiz.net\\Lafum\\vendor\\laravel\\framework\\src\\Illuminate\\Container\\BoundMethod.php(93): Illuminate\\Container\\Util::unwrapIfClosure(Object(Closure))
#15 D:\\MyProject\\imageWIZ\\ww2.imagewiz.net\\Lafum\\vendor\\laravel\\framework\\src\\Illuminate\\Container\\BoundMethod.php(37): Illuminate\\Container\\BoundMethod::callBoundMethod(Object(Illuminate\\Foundation\\Application), Array, Object(Closure))
#16 D:\\MyProject\\imageWIZ\\ww2.imagewiz.net\\Lafum\\vendor\\laravel\\framework\\src\\Illuminate\\Container\\Container.php(653): Illuminate\\Container\\BoundMethod::call(Object(Illuminate\\Foundation\\Application), Array, Array, NULL)
#17 D:\\MyProject\\imageWIZ\\ww2.imagewiz.net\\Lafum\\vendor\\laravel\\framework\\src\\Illuminate\\Foundation\\Application.php(924): Illuminate\\Container\\Container->call(Array)
#18 D:\\MyProject\\imageWIZ\\ww2.imagewiz.net\\Lafum\\vendor\\laravel\\framework\\src\\Illuminate\\Foundation\\Application.php(905): Illuminate\\Foundation\\Application->bootProvider(Object(Modules\\Base\\Providers\\BaseServiceProvider))
#19 [internal function]: Illuminate\\Foundation\\Application->Illuminate\\Foundation\\{closure}(Object(Modules\\Base\\Providers\\BaseServiceProvider), 49)
#20 D:\\MyProject\\imageWIZ\\ww2.imagewiz.net\\Lafum\\vendor\\laravel\\framework\\src\\Illuminate\\Foundation\\Application.php(906): array_walk(Array, Object(Closure))
#21 D:\\MyProject\\imageWIZ\\ww2.imagewiz.net\\Lafum\\vendor\\laravel\\framework\\src\\Illuminate\\Foundation\\Bootstrap\\BootProviders.php(17): Illuminate\\Foundation\\Application->boot()
#22 D:\\MyProject\\imageWIZ\\ww2.imagewiz.net\\Lafum\\vendor\\laravel\\framework\\src\\Illuminate\\Foundation\\Application.php(237): Illuminate\\Foundation\\Bootstrap\\BootProviders->bootstrap(Object(Illuminate\\Foundation\\Application))
#23 D:\\MyProject\\imageWIZ\\ww2.imagewiz.net\\Lafum\\vendor\\laravel\\framework\\src\\Illuminate\\Foundation\\Console\\Kernel.php(310): Illuminate\\Foundation\\Application->bootstrapWith(Array)
#24 D:\\MyProject\\imageWIZ\\ww2.imagewiz.net\\Lafum\\vendor\\laravel\\framework\\src\\Illuminate\\Foundation\\Console\\Kernel.php(127): Illuminate\\Foundation\\Console\\Kernel->bootstrap()
#25 D:\\MyProject\\imageWIZ\\ww2.imagewiz.net\\Lafum\\artisan(37): Illuminate\\Foundation\\Console\\Kernel->handle(Object(Symfony\\Component\\Console\\Input\\ArgvInput), Object(Symfony\\Component\\Console\\Output\\ConsoleOutput))
#26 {main}

[previous exception] [object] (PDOException(code: 2002): SQLSTATE[HY000] [2002] No connection could be made because the target machine actively refused it.
 at D:\\MyProject\\imageWIZ\\ww2.imagewiz.net\\Lafum\\vendor\\laravel\\framework\\src\\Illuminate\\Database\\Connectors\\Connector.php:70)
[stacktrace]
#0 D:\\MyProject\\imageWIZ\\ww2.imagewiz.net\\Lafum\\vendor\\laravel\\framework\\src\\Illuminate\\Database\\Connectors\\Connector.php(70): PDO->__construct('mysql:host=127....', 'root', '', Array)
#1 D:\\MyProject\\imageWIZ\\ww2.imagewiz.net\\Lafum\\vendor\\laravel\\framework\\src\\Illuminate\\Database\\Connectors\\Connector.php(46): Illuminate\\Database\\Connectors\\Connector->createPdoConnection('mysql:host=127....', 'root', '', Array)
#2 D:\\MyProject\\imageWIZ\\ww2.imagewiz.net\\Lafum\\vendor\\laravel\\framework\\src\\Illuminate\\Database\\Connectors\\MySqlConnector.php(24): Illuminate\\Database\\Connectors\\Connector->createConnection('mysql:host=127....', Array, Array)
#3 D:\\MyProject\\imageWIZ\\ww2.imagewiz.net\\Lafum\\vendor\\laravel\\framework\\src\\Illuminate\\Database\\Connectors\\ConnectionFactory.php(184): Illuminate\\Database\\Connectors\\MySqlConnector->connect(Array)
#4 [internal function]: Illuminate\\Database\\Connectors\\ConnectionFactory->Illuminate\\Database\\Connectors\\{closure}()
#5 D:\\MyProject\\imageWIZ\\ww2.imagewiz.net\\Lafum\\vendor\\laravel\\framework\\src\\Illuminate\\Database\\Connection.php(1064): call_user_func(Object(Closure))
#6 D:\\MyProject\\imageWIZ\\ww2.imagewiz.net\\Lafum\\vendor\\laravel\\framework\\src\\Illuminate\\Database\\Connection.php(1100): Illuminate\\Database\\Connection->getPdo()
#7 D:\\MyProject\\imageWIZ\\ww2.imagewiz.net\\Lafum\\vendor\\laravel\\framework\\src\\Illuminate\\Database\\Connection.php(442): Illuminate\\Database\\Connection->getReadPdo()
#8 D:\\MyProject\\imageWIZ\\ww2.imagewiz.net\\Lafum\\vendor\\laravel\\framework\\src\\Illuminate\\Database\\Connection.php(368): Illuminate\\Database\\Connection->getPdoForSelect(true)
#9 D:\\MyProject\\imageWIZ\\ww2.imagewiz.net\\Lafum\\vendor\\laravel\\framework\\src\\Illuminate\\Database\\Connection.php(705): Illuminate\\Database\\Connection->Illuminate\\Database\\{closure}('select * from `...', Array)
#10 D:\\MyProject\\imageWIZ\\ww2.imagewiz.net\\Lafum\\vendor\\laravel\\framework\\src\\Illuminate\\Database\\Connection.php(672): Illuminate\\Database\\Connection->runQueryCallback('select * from `...', Array, Object(Closure))
#11 D:\\MyProject\\imageWIZ\\ww2.imagewiz.net\\Lafum\\vendor\\laravel\\framework\\src\\Illuminate\\Database\\Connection.php(376): Illuminate\\Database\\Connection->run('select * from `...', Array, Object(Closure))
#12 D:\\MyProject\\imageWIZ\\ww2.imagewiz.net\\Lafum\\vendor\\laravel\\framework\\src\\Illuminate\\Database\\Query\\Builder.php(2414): Illuminate\\Database\\Connection->select('select * from `...', Array, true)
#13 D:\\MyProject\\imageWIZ\\ww2.imagewiz.net\\Lafum\\vendor\\laravel\\framework\\src\\Illuminate\\Database\\Query\\Builder.php(2402): Illuminate\\Database\\Query\\Builder->runSelect()
#14 D:\\MyProject\\imageWIZ\\ww2.imagewiz.net\\Lafum\\vendor\\laravel\\framework\\src\\Illuminate\\Database\\Query\\Builder.php(2936): Illuminate\\Database\\Query\\Builder->Illuminate\\Database\\Query\\{closure}()
#15 D:\\MyProject\\imageWIZ\\ww2.imagewiz.net\\Lafum\\vendor\\laravel\\framework\\src\\Illuminate\\Database\\Query\\Builder.php(2403): Illuminate\\Database\\Query\\Builder->onceWithColumns(Array, Object(Closure))
#16 D:\\MyProject\\imageWIZ\\ww2.imagewiz.net\\Lafum\\vendor\\laravel\\framework\\src\\Illuminate\\Database\\Eloquent\\Builder.php(625): Illuminate\\Database\\Query\\Builder->get(Array)
#17 D:\\MyProject\\imageWIZ\\ww2.imagewiz.net\\Lafum\\vendor\\laravel\\framework\\src\\Illuminate\\Database\\Eloquent\\Builder.php(609): Illuminate\\Database\\Eloquent\\Builder->getModels(Array)
#18 D:\\MyProject\\imageWIZ\\ww2.imagewiz.net\\Lafum\\vendor\\laravel\\framework\\src\\Illuminate\\Database\\Concerns\\BuildsQueries.php(294): Illuminate\\Database\\Eloquent\\Builder->get(Array)
#19 D:\\MyProject\\imageWIZ\\ww2.imagewiz.net\\Lafum\\Modules\\Setting\\Entities\\Setting.php(87): Illuminate\\Database\\Eloquent\\Builder->first()
#20 D:\\MyProject\\imageWIZ\\ww2.imagewiz.net\\Lafum\\Modules\\Base\\Providers\\BaseServiceProvider.php(133): Modules\\Setting\\Entities\\Setting::get('default_locale')
#21 D:\\MyProject\\imageWIZ\\ww2.imagewiz.net\\Lafum\\Modules\\Base\\Providers\\BaseServiceProvider.php(47): Modules\\Base\\Providers\\BaseServiceProvider->setupAppLocale()
#22 D:\\MyProject\\imageWIZ\\ww2.imagewiz.net\\Lafum\\vendor\\laravel\\framework\\src\\Illuminate\\Container\\BoundMethod.php(36): Modules\\Base\\Providers\\BaseServiceProvider->boot()
#23 D:\\MyProject\\imageWIZ\\ww2.imagewiz.net\\Lafum\\vendor\\laravel\\framework\\src\\Illuminate\\Container\\Util.php(40): Illuminate\\Container\\BoundMethod::Illuminate\\Container\\{closure}()
#24 D:\\MyProject\\imageWIZ\\ww2.imagewiz.net\\Lafum\\vendor\\laravel\\framework\\src\\Illuminate\\Container\\BoundMethod.php(93): Illuminate\\Container\\Util::unwrapIfClosure(Object(Closure))
#25 D:\\MyProject\\imageWIZ\\ww2.imagewiz.net\\Lafum\\vendor\\laravel\\framework\\src\\Illuminate\\Container\\BoundMethod.php(37): Illuminate\\Container\\BoundMethod::callBoundMethod(Object(Illuminate\\Foundation\\Application), Array, Object(Closure))
#26 D:\\MyProject\\imageWIZ\\ww2.imagewiz.net\\Lafum\\vendor\\laravel\\framework\\src\\Illuminate\\Container\\Container.php(653): Illuminate\\Container\\BoundMethod::call(Object(Illuminate\\Foundation\\Application), Array, Array, NULL)
#27 D:\\MyProject\\imageWIZ\\ww2.imagewiz.net\\Lafum\\vendor\\laravel\\framework\\src\\Illuminate\\Foundation\\Application.php(924): Illuminate\\Container\\Container->call(Array)
#28 D:\\MyProject\\imageWIZ\\ww2.imagewiz.net\\Lafum\\vendor\\laravel\\framework\\src\\Illuminate\\Foundation\\Application.php(905): Illuminate\\Foundation\\Application->bootProvider(Object(Modules\\Base\\Providers\\BaseServiceProvider))
#29 [internal function]: Illuminate\\Foundation\\Application->Illuminate\\Foundation\\{closure}(Object(Modules\\Base\\Providers\\BaseServiceProvider), 49)
#30 D:\\MyProject\\imageWIZ\\ww2.imagewiz.net\\Lafum\\vendor\\laravel\\framework\\src\\Illuminate\\Foundation\\Application.php(906): array_walk(Array, Object(Closure))
#31 D:\\MyProject\\imageWIZ\\ww2.imagewiz.net\\Lafum\\vendor\\laravel\\framework\\src\\Illuminate\\Foundation\\Bootstrap\\BootProviders.php(17): Illuminate\\Foundation\\Application->boot()
#32 D:\\MyProject\\imageWIZ\\ww2.imagewiz.net\\Lafum\\vendor\\laravel\\framework\\src\\Illuminate\\Foundation\\Application.php(237): Illuminate\\Foundation\\Bootstrap\\BootProviders->bootstrap(Object(Illuminate\\Foundation\\Application))
#33 D:\\MyProject\\imageWIZ\\ww2.imagewiz.net\\Lafum\\vendor\\laravel\\framework\\src\\Illuminate\\Foundation\\Console\\Kernel.php(310): Illuminate\\Foundation\\Application->bootstrapWith(Array)
#34 D:\\MyProject\\imageWIZ\\ww2.imagewiz.net\\Lafum\\vendor\\laravel\\framework\\src\\Illuminate\\Foundation\\Console\\Kernel.php(127): Illuminate\\Foundation\\Console\\Kernel->bootstrap()
#35 D:\\MyProject\\imageWIZ\\ww2.imagewiz.net\\Lafum\\artisan(37): Illuminate\\Foundation\\Console\\Kernel->handle(Object(Symfony\\Component\\Console\\Input\\ArgvInput), Object(Symfony\\Component\\Console\\Output\\ConsoleOutput))
#36 {main}
"} 
